<?xml version="1.0" encoding="UTF-8"?>
<!-- Generated by org.testng.reporters.JUnitReportReporter -->
<testsuite skipped="0" hostname="MTPC592" name="com.mitrais.selenium.test.EditStaffGroupName" tests="1" failures="0" timestamp="29 Mar 2019 09:40:16 GMT" time="44.753" errors="0">
  <testcase name="EditStaffGroupName" time="44.753" classname="com.mitrais.selenium.test.EditStaffGroupName"/>
</testsuite> <!-- com.mitrais.selenium.test.EditStaffGroupName -->
