<?xml version="1.0" encoding="UTF-8"?>
<!-- Generated by org.testng.reporters.JUnitReportReporter -->
<testsuite skipped="0" hostname="MTPC592" name="com.mitrais.selenium.test.EditProfile" tests="1" failures="0" timestamp="15 Apr 2019 02:41:00 GMT" time="50.113" errors="0">
  <testcase name="EditProfile" time="50.113" classname="com.mitrais.selenium.test.EditProfile"/>
</testsuite> <!-- com.mitrais.selenium.test.EditProfile -->
